D:\MYGIT\TUTORIAL\C\VS PROJECT\DIGITCOUNT\DIGITCOUNT\DEBUG\DIGITCOUNT.PCH
D:\MYGIT\TUTORIAL\C\VS PROJECT\DIGITCOUNT\DIGITCOUNT\DEBUG\STDAFX.OBJ
D:\MYGIT\TUTORIAL\C\VS PROJECT\DIGITCOUNT\DIGITCOUNT\DEBUG\VC110.PDB
D:\MYGIT\TUTORIAL\C\VS PROJECT\DIGITCOUNT\DIGITCOUNT\DEBUG\DIGITCOUNT.OBJ
D:\MYGIT\TUTORIAL\C\VS PROJECT\DIGITCOUNT\DEBUG\DIGITCOUNT.ILK
D:\MYGIT\TUTORIAL\C\VS PROJECT\DIGITCOUNT\DEBUG\DIGITCOUNT.EXE
D:\MYGIT\TUTORIAL\C\VS PROJECT\DIGITCOUNT\DEBUG\DIGITCOUNT.PDB
D:\mygit\Tutorial\C\VS Project\DigitCount\DigitCount\Debug\stdafx.obj
D:\mygit\Tutorial\C\VS Project\DigitCount\DigitCount\Debug\DigitCount.obj
D:\mygit\Tutorial\C\VS Project\DigitCount\DigitCount\Debug\CL.read.1.tlog
D:\mygit\Tutorial\C\VS Project\DigitCount\DigitCount\Debug\CL.write.1.tlog
D:\mygit\Tutorial\C\VS Project\DigitCount\DigitCount\Debug\cl.command.1.tlog
D:\mygit\Tutorial\C\VS Project\DigitCount\DigitCount\Debug\link-rc.read.1.tlog
D:\mygit\Tutorial\C\VS Project\DigitCount\DigitCount\Debug\link-rc.write.1.tlog
D:\mygit\Tutorial\C\VS Project\DigitCount\DigitCount\Debug\link-cvtres.read.1.tlog
D:\mygit\Tutorial\C\VS Project\DigitCount\DigitCount\Debug\link-cvtres.write.1.tlog
D:\mygit\Tutorial\C\VS Project\DigitCount\DigitCount\Debug\link.read.1.tlog
D:\mygit\Tutorial\C\VS Project\DigitCount\DigitCount\Debug\link.write.1.tlog
D:\mygit\Tutorial\C\VS Project\DigitCount\DigitCount\Debug\link.command.1.tlog
D:\mygit\Tutorial\C\VS Project\DigitCount\DigitCount\Debug\DigitCount.pch
D:\mygit\Tutorial\C\VS Project\DigitCount\DigitCount\Debug\vc110.idb
D:\mygit\Tutorial\C\VS Project\DigitCount\DigitCount\Debug\vc110.pdb
D:\mygit\Tutorial\C\VS Project\DigitCount\Debug\DigitCount.pdb
D:\mygit\Tutorial\C\VS Project\DigitCount\Debug\DigitCount.exe
D:\mygit\Tutorial\C\VS Project\DigitCount\Debug\DigitCount.ilk
